<?xml version="1.0" encoding="UTF-8"?>
<!-- Generated by org.testng.reporters.JUnitXMLReporter -->
<testsuite hostname="Manibharathi" ignored="1" name="Praveen" tests="2" failures="2" timestamp="10 Aug 2021 05:07:31 GMT" time="0.077" errors="0">
  <testcase name="test2" time="0.022" classname="org.excel.TestNg">
    <failure type="java.lang.NullPointerException">
      <![CDATA[java.lang.NullPointerException
at org.excel.TestNg.test2(TestNg.java:48)
... Removed 25 stack frames]]>
    </failure>
  </testcase> <!-- test2 -->
  <testcase name="test3" time="0.002" classname="org.excel.TestNg">
    <failure type="java.lang.NullPointerException">
      <![CDATA[java.lang.NullPointerException
at org.excel.TestNg.test3(TestNg.java:53)
... Removed 25 stack frames]]>
    </failure>
  </testcase> <!-- test3 -->
  <testcase name="test1" time="0.0" classname="org.excel.TestNg">
    <ignored/>
  </testcase> <!-- test1 -->
</testsuite> <!-- Praveen -->
